0 info it worked if it ends with ok
1 verbose cli [ '/usr/bin/node',
1 verbose cli   '/usr/bin/npm',
1 verbose cli   'install',
1 verbose cli   'express-generator',
1 verbose cli   '-g' ]
2 info using npm@1.4.28
3 info using node@v0.10.37
4 verbose node symlink /usr/bin/node
5 verbose cache add [ 'express-generator', null ]
6 verbose cache add name=undefined spec="express-generator" args=["express-generator",null]
7 verbose parsed url { protocol: null,
7 verbose parsed url   slashes: null,
7 verbose parsed url   auth: null,
7 verbose parsed url   host: null,
7 verbose parsed url   port: null,
7 verbose parsed url   hostname: null,
7 verbose parsed url   hash: null,
7 verbose parsed url   search: null,
7 verbose parsed url   query: null,
7 verbose parsed url   pathname: 'express-generator',
7 verbose parsed url   path: 'express-generator',
7 verbose parsed url   href: 'express-generator' }
8 silly lockFile 198a68d8-express-generator express-generator
9 verbose lock express-generator /home/zhardy/.npm/198a68d8-express-generator.lock
10 silly lockFile 198a68d8-express-generator express-generator
11 silly lockFile 198a68d8-express-generator express-generator
12 verbose addNamed [ 'express-generator', '' ]
13 verbose addNamed [ null, '*' ]
14 silly lockFile bd41e3d3-express-generator express-generator@
15 verbose lock express-generator@ /home/zhardy/.npm/bd41e3d3-express-generator.lock
16 silly addNameRange { name: 'express-generator', range: '*', hasData: false }
17 verbose request where is /express-generator
18 verbose request registry https://registry.npmjs.org/
19 verbose request id ece6fc9cf7802f6f
20 verbose url raw /express-generator
21 verbose url resolving [ 'https://registry.npmjs.org/', './express-generator' ]
22 verbose url resolved https://registry.npmjs.org/express-generator
23 verbose request where is https://registry.npmjs.org/express-generator
24 info trying registry request attempt 1 at 23:52:23
25 http GET https://registry.npmjs.org/express-generator
26 http 200 https://registry.npmjs.org/express-generator
27 silly registry.get cb [ 200,
27 silly registry.get   { date: 'Thu, 19 Mar 2015 03:52:23 GMT',
27 silly registry.get     server: 'CouchDB/1.5.0 (Erlang OTP/R16B03)',
27 silly registry.get     etag: '"3TI97QC0GH2OK1K5YNJAOHR21"',
27 silly registry.get     'content-type': 'application/json',
27 silly registry.get     'cache-control': 'max-age=60',
27 silly registry.get     'content-length': '25564',
27 silly registry.get     'accept-ranges': 'bytes',
27 silly registry.get     via: '1.1 varnish',
27 silly registry.get     age: '0',
27 silly registry.get     'x-served-by': 'cache-iad2136-IAD',
27 silly registry.get     'x-cache': 'HIT',
27 silly registry.get     'x-cache-hits': '1',
27 silly registry.get     'x-timer': 'S1426737143.300287,VS0,VE87',
27 silly registry.get     vary: 'Accept',
27 silly registry.get     'keep-alive': 'timeout=10, max=50',
27 silly registry.get     connection: 'Keep-Alive' } ]
28 silly addNameRange number 2 { name: 'express-generator', range: '*', hasData: true }
29 silly addNameRange versions [ 'express-generator',
29 silly addNameRange   [ '1.0.0',
29 silly addNameRange     '3.0.0',
29 silly addNameRange     '4.0.0',
29 silly addNameRange     '4.2.0',
29 silly addNameRange     '4.8.0',
29 silly addNameRange     '4.9.0',
29 silly addNameRange     '4.10.0',
29 silly addNameRange     '4.11.0',
29 silly addNameRange     '4.11.1',
29 silly addNameRange     '4.11.2',
29 silly addNameRange     '4.12.0',
29 silly addNameRange     '4.12.1' ] ]
30 verbose addNamed [ 'express-generator', '4.12.1' ]
31 verbose addNamed [ '4.12.1', '4.12.1' ]
32 silly lockFile 16199c6b-express-generator-4-12-1 express-generator@4.12.1
33 verbose lock express-generator@4.12.1 /home/zhardy/.npm/16199c6b-express-generator-4-12-1.lock
34 silly lockFile ae76c194-tor-express-generator-4-12-1-tgz https://registry.npmjs.org/express-generator/-/express-generator-4.12.1.tgz
35 verbose lock https://registry.npmjs.org/express-generator/-/express-generator-4.12.1.tgz /home/zhardy/.npm/ae76c194-tor-express-generator-4-12-1-tgz.lock
36 verbose addRemoteTarball [ 'https://registry.npmjs.org/express-generator/-/express-generator-4.12.1.tgz',
36 verbose addRemoteTarball   '79852114d5fc42b9b8f7690567b155ebdf17a246' ]
37 info retry fetch attempt 1 at 23:52:23
38 verbose fetch to= /tmp/npm-14144-OT2IznGr/registry.npmjs.org/express-generator/-/express-generator-4.12.1.tgz
39 http GET https://registry.npmjs.org/express-generator/-/express-generator-4.12.1.tgz
40 http 200 https://registry.npmjs.org/express-generator/-/express-generator-4.12.1.tgz
41 silly lockFile ae76c194-tor-express-generator-4-12-1-tgz https://registry.npmjs.org/express-generator/-/express-generator-4.12.1.tgz
42 silly lockFile ae76c194-tor-express-generator-4-12-1-tgz https://registry.npmjs.org/express-generator/-/express-generator-4.12.1.tgz
43 silly lockFile 16199c6b-express-generator-4-12-1 express-generator@4.12.1
44 silly lockFile 16199c6b-express-generator-4-12-1 express-generator@4.12.1
45 silly lockFile bd41e3d3-express-generator express-generator@
46 silly lockFile bd41e3d3-express-generator express-generator@
47 silly resolved [ { name: 'express-generator',
47 silly resolved     description: 'Express\' application generator',
47 silly resolved     version: '4.12.1',
47 silly resolved     author: { name: 'TJ Holowaychuk', email: 'tj@vision-media.ca' },
47 silly resolved     contributors: [ [Object], [Object], [Object], [Object], [Object], [Object] ],
47 silly resolved     keywords:
47 silly resolved      [ 'express',
47 silly resolved        'framework',
47 silly resolved        'sinatra',
47 silly resolved        'web',
47 silly resolved        'rest',
47 silly resolved        'restful',
47 silly resolved        'router',
47 silly resolved        'app',
47 silly resolved        'api' ],
47 silly resolved     repository: { type: 'git', url: 'https://github.com/expressjs/generator' },
47 silly resolved     license: 'MIT',
47 silly resolved     dependencies: { commander: '2.6.0', mkdirp: '0.5.0', 'sorted-object': '1.0.0' },
47 silly resolved     main: 'bin/express',
47 silly resolved     preferGlobal: true,
47 silly resolved     bin: { express: './bin/express' },
47 silly resolved     devDependencies: { mocha: '~2.1.0', rimraf: '~2.2.8', supertest: '~0.15.0' },
47 silly resolved     engines: { node: '>= 0.10' },
47 silly resolved     files: [ 'LICENSE', 'bin/', 'templates/' ],
47 silly resolved     scripts:
47 silly resolved      { test: 'mocha --reporter spec --bail --check-leaks test/',
47 silly resolved        'test-ci': 'mocha --reporter spec --check-leaks test/' },
47 silly resolved     gitHead: 'd9674537f819db269aa54b241a5436fbbf4f2fe0',
47 silly resolved     bugs: { url: 'https://github.com/expressjs/generator/issues' },
47 silly resolved     homepage: 'https://github.com/expressjs/generator',
47 silly resolved     _id: 'express-generator@4.12.1',
47 silly resolved     _shasum: '79852114d5fc42b9b8f7690567b155ebdf17a246',
47 silly resolved     _from: 'express-generator@',
47 silly resolved     _npmVersion: '1.4.28',
47 silly resolved     _npmUser: { name: 'dougwilson', email: 'doug@somethingdoug.com' },
47 silly resolved     maintainers: [ [Object], [Object], [Object], [Object], [Object], [Object] ],
47 silly resolved     dist:
47 silly resolved      { shasum: '79852114d5fc42b9b8f7690567b155ebdf17a246',
47 silly resolved        tarball: 'http://registry.npmjs.org/express-generator/-/express-generator-4.12.1.tgz' },
47 silly resolved     directories: {},
47 silly resolved     _resolved: 'https://registry.npmjs.org/express-generator/-/express-generator-4.12.1.tgz' } ]
48 info install express-generator@4.12.1 into /usr/lib
49 info installOne express-generator@4.12.1
50 verbose lib/node_modules/express-generator unbuild
51 verbose tar unpack /home/zhardy/.npm/express-generator/4.12.1/package.tgz
52 silly lockFile 73f1f6cd-b-node-modules-express-generator tar:///usr/lib/node_modules/express-generator
53 verbose lock tar:///usr/lib/node_modules/express-generator /home/zhardy/.npm/73f1f6cd-b-node-modules-express-generator.lock
54 silly lockFile 89f26ebf-ess-generator-4-12-1-package-tgz tar:///home/zhardy/.npm/express-generator/4.12.1/package.tgz
55 verbose lock tar:///home/zhardy/.npm/express-generator/4.12.1/package.tgz /home/zhardy/.npm/89f26ebf-ess-generator-4-12-1-package-tgz.lock
56 silly gunzTarPerm modes [ '775', '664' ]
57 error Error: EACCES, mkdir '/usr/lib/node_modules/express-generator'
57 error  { [Error: EACCES, mkdir '/usr/lib/node_modules/express-generator']
57 error   errno: 3,
57 error   code: 'EACCES',
57 error   path: '/usr/lib/node_modules/express-generator',
57 error   fstream_type: 'Directory',
57 error   fstream_path: '/usr/lib/node_modules/express-generator',
57 error   fstream_class: 'DirWriter',
57 error   fstream_stack:
57 error    [ '/usr/lib/node_modules/npm/node_modules/fstream/lib/dir-writer.js:36:23',
57 error      '/usr/lib/node_modules/npm/node_modules/mkdirp/index.js:46:53',
57 error      'Object.oncomplete (fs.js:108:15)' ] }
58 error Please try running this command again as root/Administrator.
59 error System Linux 3.16.0-31-generic
60 error command "/usr/bin/node" "/usr/bin/npm" "install" "express-generator" "-g"
61 error cwd /home/zhardy/programming/netflix-remote
62 error node -v v0.10.37
63 error npm -v 1.4.28
64 error path /usr/lib/node_modules/express-generator
65 error fstream_path /usr/lib/node_modules/express-generator
66 error fstream_type Directory
67 error fstream_class DirWriter
68 error code EACCES
69 error errno 3
70 error stack Error: EACCES, mkdir '/usr/lib/node_modules/express-generator'
71 error fstream_stack /usr/lib/node_modules/npm/node_modules/fstream/lib/dir-writer.js:36:23
71 error fstream_stack /usr/lib/node_modules/npm/node_modules/mkdirp/index.js:46:53
71 error fstream_stack Object.oncomplete (fs.js:108:15)
72 verbose exit [ 3, true ]
